SF:/Users/connor/Desktop/Git/cav/assets.ts
FN:35,parseCwd
FN:56,serveAsset
FN:186,prepareAssets
FNDA:0,parseCwd
FNDA:0,serveAsset
FNDA:0,prepareAssets
FNF:3
FNH:0
BRF:0
BRH:0
DA:5,1
DA:6,1
DA:33,1
DA:35,0
DA:37,0
DA:38,0
DA:39,0
DA:40,0
DA:41,0
DA:56,0
DA:57,0
DA:58,0
DA:60,0
DA:61,0
DA:62,0
DA:64,0
DA:65,0
DA:66,0
DA:67,0
DA:68,0
DA:70,0
DA:71,0
DA:72,0
DA:73,0
DA:74,0
DA:75,0
DA:77,0
DA:78,0
DA:79,0
DA:80,0
DA:81,0
DA:83,0
DA:84,0
DA:85,0
DA:86,0
DA:87,0
DA:88,0
DA:89,0
DA:90,0
DA:91,0
DA:92,0
DA:94,0
DA:95,0
DA:97,0
DA:98,0
DA:99,0
DA:100,0
DA:101,0
DA:102,0
DA:103,0
DA:104,0
DA:105,0
DA:106,0
DA:107,0
DA:108,0
DA:110,0
DA:111,0
DA:113,0
DA:114,0
DA:115,0
DA:117,0
DA:118,0
DA:120,0
DA:121,0
DA:122,0
DA:123,0
DA:124,0
DA:128,0
DA:129,0
DA:130,0
DA:131,0
DA:133,0
DA:134,0
DA:136,0
DA:137,0
DA:138,0
DA:139,0
DA:142,0
DA:143,0
DA:144,0
DA:145,0
DA:146,0
DA:147,0
DA:148,0
DA:150,0
DA:151,0
DA:152,0
DA:153,0
DA:154,0
DA:155,0
DA:156,0
DA:157,0
DA:158,0
DA:161,1
DA:162,1
DA:186,0
DA:210,0
DA:211,0
DA:212,0
DA:213,0
DA:215,0
DA:216,0
DA:217,0
DA:218,0
DA:219,0
DA:220,0
DA:222,0
DA:223,0
DA:224,0
DA:225,0
DA:226,0
DA:227,0
DA:229,0
DA:230,0
DA:231,0
DA:232,0
DA:234,0
DA:235,0
DA:236,0
DA:237,0
DA:238,0
DA:239,0
DA:240,0
DA:241,0
DA:242,0
DA:243,0
DA:244,0
DA:245,0
DA:246,0
DA:247,0
DA:249,0
DA:250,0
DA:253,0
DA:254,0
DA:255,0
DA:256,0
DA:257,0
DA:258,0
DA:259,0
DA:260,0
DA:261,0
DA:262,0
DA:263,0
DA:264,0
DA:266,0
DA:267,0
DA:269,0
DA:270,0
DA:271,0
DA:272,0
DA:273,0
DA:274,0
DA:275,0
DA:276,0
DA:278,0
DA:279,0
DA:280,0
DA:281,0
DA:282,0
DA:283,0
DA:285,0
DA:286,0
DA:287,0
DA:288,0
DA:289,0
DA:291,0
DA:292,0
DA:293,0
DA:294,0
DA:295,0
DA:296,0
DA:297,0
DA:298,0
DA:299,0
DA:300,0
DA:302,0
DA:303,0
DA:304,0
DA:306,0
DA:307,0
DA:308,0
DA:309,0
DA:310,0
DA:312,0
DA:313,0
DA:314,0
DA:316,0
DA:317,0
DA:318,0
DA:319,0
DA:321,0
DA:322,0
DA:323,0
DA:325,0
DA:326,0
DA:327,0
DA:329,0
DA:330,0
DA:331,0
DA:332,0
DA:333,0
DA:334,0
DA:335,0
DA:337,0
DA:338,0
DA:339,0
DA:342,0
DA:343,0
DA:344,0
DA:345,0
DA:346,0
DA:347,0
DA:348,0
DA:349,0
DA:350,0
DA:351,0
DA:352,0
DA:353,0
LH:5
LF:218
end_of_record
SF:/Users/connor/Desktop/Git/cav/client.ts
FN:116,wrapWebSocket
FN:435,client
FNDA:0,wrapWebSocket
FNDA:0,client
FNF:2
FNH:0
BRF:0
BRH:0
DA:7,1
DA:8,1
DA:9,1
DA:10,1
DA:11,1
DA:12,1
DA:13,1
DA:116,0
DA:120,0
DA:121,0
DA:123,0
DA:124,0
DA:125,0
DA:126,0
DA:127,0
DA:128,0
DA:130,0
DA:131,0
DA:132,0
DA:133,0
DA:134,0
DA:135,0
DA:136,0
DA:137,0
DA:138,0
DA:139,0
DA:142,0
DA:143,0
DA:144,0
DA:145,0
DA:146,0
DA:148,0
DA:149,0
DA:150,0
DA:151,0
DA:152,0
DA:153,0
DA:154,0
DA:155,0
DA:156,0
DA:159,0
DA:160,0
DA:161,0
DA:162,0
DA:163,0
DA:165,0
DA:166,0
DA:167,0
DA:168,0
DA:169,0
DA:170,0
DA:171,0
DA:173,0
DA:174,0
DA:175,0
DA:177,0
DA:178,0
DA:179,0
DA:180,0
DA:183,0
DA:184,0
DA:185,0
DA:186,0
DA:187,0
DA:188,0
DA:189,0
DA:190,0
DA:191,0
DA:192,0
DA:193,0
DA:194,0
DA:195,0
DA:196,0
DA:197,0
DA:198,0
DA:200,0
DA:201,0
DA:202,0
DA:207,0
DA:208,0
DA:209,0
DA:210,0
DA:211,0
DA:212,0
DA:213,0
DA:214,0
DA:215,0
DA:216,0
DA:217,0
DA:218,0
DA:435,0
DA:436,0
DA:437,0
DA:439,0
DA:442,0
DA:443,0
DA:444,0
DA:445,0
DA:446,0
DA:447,0
DA:448,0
DA:449,0
DA:450,0
DA:451,0
DA:452,0
DA:453,0
DA:455,0
DA:456,0
DA:457,0
DA:458,0
DA:459,0
DA:460,0
DA:462,0
DA:463,0
DA:464,0
DA:466,0
DA:467,0
DA:468,0
DA:469,0
DA:470,0
DA:471,0
DA:472,0
DA:473,0
DA:475,0
DA:476,0
DA:477,0
DA:478,0
DA:479,0
DA:480,0
DA:482,0
DA:483,0
DA:484,0
DA:485,0
DA:487,0
DA:488,0
DA:489,0
DA:490,0
DA:491,0
DA:492,0
DA:493,0
DA:494,0
DA:495,0
DA:496,0
DA:497,0
DA:498,0
DA:499,0
DA:500,0
DA:501,0
DA:502,0
DA:503,0
DA:504,0
DA:505,0
DA:506,0
DA:508,0
DA:509,0
DA:510,0
DA:512,0
DA:513,0
DA:514,0
DA:515,0
DA:516,0
DA:517,0
DA:518,0
DA:519,0
DA:520,0
DA:522,0
DA:523,0
DA:524,0
DA:525,0
DA:526,0
DA:527,0
DA:528,0
DA:529,0
DA:531,0
DA:532,0
LH:7
LF:175
end_of_record
SF:/Users/connor/Desktop/Git/cav/deps.ts
FNF:0
FNH:0
BRF:0
BRH:0
DA:3,1
DA:4,1
DA:5,1
DA:6,1
DA:7,1
LH:5
LF:5
end_of_record
SF:/Users/connor/Desktop/Git/cav/http.ts
FN:69,requestContext
FN:118,requestBody
FN:231,bakeCookie
FN:259,get
FN:262,set
FN:286,delete
FN:310,signed
FN:313,unsigned
FN:316,flush
FN:354,importKey
FN:371,verify
FN:392,sign
FN:418,endpointResponse
FN:462,upgradeWebSocket
FN:509,server
FNDA:40,requestContext
FNDA:0,requestBody
FNDA:8,bakeCookie
FNDA:0,get
FNDA:0,set
FNDA:0,delete
FNDA:0,signed
FNDA:0,unsigned
FNDA:8,flush
FNDA:0,importKey
FNDA:0,verify
FNDA:0,sign
FNDA:10,endpointResponse
FNDA:0,upgradeWebSocket
FNDA:0,server
FNF:15
FNH:4
BRDA:71,1,0,26
BRDA:73,1,1,14
BRDA:78,1,2,4
BRDA:81,1,3,14
BRDA:241,5,0,0
BRDA:320,11,0,0
BRDA:428,15,0,0
BRDA:435,15,1,1
BRDA:437,15,2,9
BRDA:439,15,3,2
BRDA:439,15,4,2
BRDA:445,15,5,7
BRDA:448,15,6,7
BRF:13
BRH:10
DA:3,1
DA:4,1
DA:5,1
DA:60,1
DA:69,1
DA:70,41
DA:71,41
DA:72,67
DA:73,67
DA:75,55
DA:76,55
DA:77,55
DA:78,41
DA:79,45
DA:80,45
DA:81,45
DA:83,55
DA:84,0
DA:85,0
DA:86,0
DA:87,0
DA:88,0
DA:89,0
DA:90,0
DA:91,0
DA:92,0
DA:93,0
DA:95,55
DA:96,55
DA:97,55
DA:98,55
DA:99,55
DA:100,55
DA:101,55
DA:102,55
DA:103,55
DA:104,55
DA:105,41
DA:107,1
DA:108,1
DA:109,1
DA:110,1
DA:111,1
DA:112,1
DA:118,0
DA:121,0
DA:122,0
DA:123,0
DA:124,0
DA:125,0
DA:126,0
DA:127,0
DA:128,0
DA:130,0
DA:131,0
DA:132,0
DA:133,0
DA:141,0
DA:142,0
DA:143,0
DA:144,0
DA:145,0
DA:146,0
DA:147,0
DA:148,0
DA:149,0
DA:219,1
DA:220,1
DA:221,1
DA:222,1
DA:223,1
DA:231,1
DA:235,1
DA:236,9
DA:237,9
DA:238,9
DA:239,9
DA:241,0
DA:242,0
DA:243,0
DA:244,0
DA:245,0
DA:246,0
DA:247,0
DA:248,0
DA:249,0
DA:250,0
DA:252,9
DA:255,9
DA:257,9
DA:258,9
DA:259,0
DA:260,0
DA:261,0
DA:262,0
DA:263,0
DA:268,0
DA:269,0
DA:270,0
DA:271,0
DA:272,0
DA:273,0
DA:274,0
DA:275,0
DA:276,0
DA:280,0
DA:281,0
DA:282,0
DA:283,0
DA:284,0
DA:285,0
DA:286,0
DA:287,0
DA:288,0
DA:289,0
DA:290,0
DA:295,0
DA:296,0
DA:297,0
DA:298,0
DA:299,0
DA:300,0
DA:301,0
DA:302,0
DA:303,0
DA:307,0
DA:308,0
DA:309,0
DA:310,0
DA:311,0
DA:312,0
DA:313,0
DA:314,0
DA:315,0
DA:316,9
DA:319,17
DA:320,0
DA:321,0
DA:322,0
DA:323,0
DA:325,0
DA:326,0
DA:327,0
DA:328,0
DA:329,0
DA:330,0
DA:331,0
DA:332,0
DA:333,0
DA:334,0
DA:335,0
DA:336,0
DA:337,0
DA:338,0
DA:340,0
DA:341,0
DA:342,9
DA:343,9
DA:345,9
DA:346,9
DA:350,1
DA:351,1
DA:352,1
DA:354,0
DA:355,0
DA:356,0
DA:357,0
DA:358,0
DA:360,0
DA:361,0
DA:362,0
DA:363,0
DA:364,0
DA:365,0
DA:366,0
DA:367,0
DA:368,0
DA:369,0
DA:371,0
DA:372,0
DA:373,0
DA:374,0
DA:376,0
DA:377,0
DA:378,0
DA:379,0
DA:380,0
DA:381,0
DA:382,0
DA:383,0
DA:384,0
DA:385,0
DA:386,0
DA:387,0
DA:388,0
DA:389,0
DA:390,0
DA:392,0
DA:393,0
DA:394,0
DA:395,0
DA:396,0
DA:397,0
DA:398,0
DA:399,0
DA:400,0
DA:401,0
DA:418,1
DA:419,1
DA:420,1
DA:426,11
DA:428,0
DA:429,0
DA:430,0
DA:431,0
DA:432,0
DA:433,0
DA:435,11
DA:436,12
DA:437,12
DA:439,11
DA:440,13
DA:441,13
DA:442,13
DA:443,13
DA:444,13
DA:445,13
DA:447,11
DA:448,11
DA:449,18
DA:450,18
DA:451,18
DA:452,18
DA:453,18
DA:454,18
DA:455,11
DA:462,0
DA:466,0
DA:467,0
DA:474,0
DA:475,0
DA:476,0
DA:477,0
DA:478,0
DA:479,0
DA:480,0
DA:481,0
DA:482,0
DA:483,0
DA:484,0
DA:485,0
DA:486,0
DA:487,0
DA:488,0
DA:489,0
DA:490,0
DA:491,0
DA:509,0
DA:510,0
DA:511,0
DA:526,1
LH:82
LF:261
end_of_record
SF:/Users/connor/Desktop/Git/cav/rpc.ts
FN:176,rpcSchema
FN:379,rpc
FN:416,handler
FN:451,cleanup
FN:475,asset
FN:476,redirect
FN:485,schema.resolve.schema.resolve.upgrade
FN:523,asset
FN:584,methodChecker
FN:653,pathMatcher
FN:707,inputParser
FN:777,socketUpgrader
FNDA:0,rpcSchema
FNDA:9,rpc
FNDA:14,handler
FNDA:0,cleanup
FNDA:0,asset
FNDA:0,redirect
FNDA:0,schema.resolve.schema.resolve.upgrade
FNDA:0,asset
FNDA:9,methodChecker
FNDA:9,pathMatcher
FNDA:9,inputParser
FNDA:0,socketUpgrader
FNF:12
FNH:5
BRDA:411,2,0,0
BRDA:419,3,0,4
BRDA:421,3,1,10
BRDA:429,3,2,9
BRDA:430,3,3,8
BRDA:431,3,4,0
BRDA:433,3,5,8
BRDA:440,3,6,8
BRDA:446,3,7,0
BRDA:455,3,8,8
BRDA:464,3,9,1
BRDA:464,3,10,7
BRDA:485,3,11,0
BRDA:499,3,12,7
BRDA:504,3,13,0
BRDA:504,3,14,0
BRDA:508,3,15,8
BRDA:508,3,16,0
BRDA:511,3,17,2
BRDA:515,3,18,0
BRDA:537,3,19,0
BRDA:544,3,20,10
BRDA:547,3,21,8
BRDA:550,3,22,10
BRDA:557,3,23,0
BRDA:563,3,24,10
BRDA:588,10,0,0
BRDA:590,10,1,0
BRDA:595,11,0,8
BRDA:598,11,1,0
BRDA:603,11,2,0
BRDA:611,11,3,0
BRDA:616,11,4,0
BRDA:623,11,5,1
BRDA:625,11,6,8
BRDA:627,11,7,0
BRDA:633,11,8,8
BRDA:661,12,0,7
BRDA:662,12,1,2
BRDA:662,12,2,7
BRDA:662,12,3,2
BRDA:666,12,4,0
BRDA:668,12,5,0
BRDA:674,13,0,2
BRDA:674,13,1,8
BRDA:677,13,2,1
BRDA:679,13,3,9
BRDA:685,13,4,0
BRDA:716,14,0,0
BRDA:718,14,1,0
BRDA:721,14,2,0
BRDA:723,14,3,0
BRDA:731,15,0,0
BRDA:747,15,1,0
BRDA:747,15,2,0
BRF:55
BRH:28
DA:14,1
DA:15,1
DA:16,1
DA:17,1
DA:18,1
DA:19,1
DA:20,1
DA:21,1
DA:22,1
DA:23,1
DA:176,0
DA:185,0
DA:187,0
DA:188,0
DA:379,1
DA:388,1
DA:395,1
DA:397,10
DA:398,10
DA:399,10
DA:400,10
DA:401,10
DA:402,10
DA:403,10
DA:404,10
DA:405,10
DA:406,10
DA:407,10
DA:408,10
DA:409,10
DA:410,10
DA:411,0
DA:412,0
DA:413,0
DA:414,0
DA:416,10
DA:418,24
DA:419,24
DA:420,28
DA:421,28
DA:423,34
DA:424,34
DA:425,34
DA:427,34
DA:429,34
DA:430,33
DA:431,0
DA:432,0
DA:433,0
DA:436,32
DA:437,32
DA:438,32
DA:439,24
DA:440,24
DA:441,32
DA:444,32
DA:445,32
DA:446,0
DA:447,0
DA:448,0
DA:449,0
DA:450,0
DA:451,0
DA:452,0
DA:453,0
DA:454,0
DA:455,0
DA:459,32
DA:462,32
DA:463,32
DA:464,24
DA:465,31
DA:466,31
DA:468,31
DA:470,31
DA:472,31
DA:474,31
DA:475,0
DA:476,0
DA:477,0
DA:478,0
DA:479,0
DA:480,0
DA:481,0
DA:482,0
DA:483,31
DA:484,31
DA:485,0
DA:486,0
DA:487,0
DA:488,0
DA:489,0
DA:490,0
DA:492,0
DA:493,0
DA:494,0
DA:495,0
DA:496,0
DA:498,0
DA:499,24
DA:504,0
DA:505,0
DA:506,0
DA:507,0
DA:508,0
DA:509,0
DA:510,0
DA:511,48
DA:513,26
DA:514,26
DA:515,0
DA:516,0
DA:517,0
DA:518,0
DA:519,0
DA:520,0
DA:521,0
DA:522,0
DA:523,0
DA:524,0
DA:525,0
DA:526,0
DA:527,0
DA:528,0
DA:529,0
DA:530,0
DA:531,0
DA:535,26
DA:536,26
DA:537,26
DA:538,0
DA:539,0
DA:540,0
DA:541,0
DA:542,0
DA:543,0
DA:544,26
DA:547,24
DA:548,32
DA:549,32
DA:550,32
DA:553,34
DA:554,34
DA:555,24
DA:556,24
DA:557,0
DA:558,0
DA:559,0
DA:560,0
DA:561,0
DA:562,0
DA:563,0
DA:564,34
DA:565,10
DA:567,10
DA:568,10
DA:584,10
DA:587,10
DA:588,0
DA:589,0
DA:590,0
DA:591,10
DA:592,10
DA:593,10
DA:594,10
DA:595,19
DA:596,27
DA:598,0
DA:599,0
DA:600,0
DA:601,27
DA:602,27
DA:603,0
DA:604,0
DA:605,0
DA:606,0
DA:607,0
DA:608,0
DA:609,0
DA:611,0
DA:612,0
DA:613,27
DA:614,27
DA:615,27
DA:616,0
DA:617,0
DA:618,0
DA:619,27
DA:620,27
DA:621,27
DA:623,19
DA:624,20
DA:625,20
DA:627,0
DA:628,0
DA:629,0
DA:630,0
DA:631,0
DA:632,0
DA:633,19
DA:634,19
DA:635,10
DA:636,10
DA:653,10
DA:656,10
DA:661,10
DA:662,10
DA:663,10
DA:664,10
DA:665,10
DA:666,0
DA:667,0
DA:668,0
DA:669,10
DA:670,10
DA:672,10
DA:673,20
DA:674,20
DA:676,20
DA:677,20
DA:678,21
DA:679,21
DA:681,29
DA:682,29
DA:683,29
DA:684,29
DA:685,29
DA:687,0
DA:688,0
DA:689,0
DA:690,0
DA:691,0
DA:692,0
DA:693,0
DA:694,0
DA:695,0
DA:697,0
DA:698,0
DA:699,10
DA:707,10
DA:712,10
DA:716,0
DA:717,0
DA:718,0
DA:719,10
DA:720,10
DA:721,0
DA:722,0
DA:723,0
DA:724,10
DA:725,10
DA:727,10
DA:728,18
DA:730,18
DA:731,0
DA:732,0
DA:733,0
DA:734,0
DA:735,0
DA:736,0
DA:737,0
DA:738,0
DA:739,0
DA:740,0
DA:741,0
DA:742,0
DA:743,0
DA:744,0
DA:746,18
DA:747,0
DA:752,0
DA:753,0
DA:754,0
DA:755,0
DA:757,0
DA:758,0
DA:759,0
DA:760,0
DA:761,0
DA:762,0
DA:763,0
DA:764,0
DA:765,0
DA:767,18
DA:768,10
DA:769,10
DA:777,0
DA:780,0
DA:784,0
DA:785,0
DA:786,0
DA:787,0
DA:788,0
DA:790,0
DA:791,0
DA:792,0
DA:793,0
DA:794,0
DA:795,0
DA:796,0
DA:797,0
DA:798,0
DA:799,0
DA:800,0
DA:801,0
DA:802,0
DA:803,0
DA:804,0
DA:805,0
DA:806,0
DA:808,0
DA:809,0
DA:810,0
LH:136
LF:313
end_of_record
SF:/Users/connor/Desktop/Git/cav/serial.ts
FN:32,<instance_members_initializer>
FN:40,HttpError
FN:100,serializer
FN:122,check
FN:123,serialize
FN:128,deserialize
FN:137,check
FN:138,serialize
FN:139,deserialize
FN:142,check
FN:143,serialize
FN:144,deserialize
FN:147,check
FN:148,serialize
FN:149,deserialize
FN:152,check
FN:153,serialize
FN:154,deserialize
FN:157,check
FN:158,serialize
FN:159,deserialize
FN:168,check
FN:169,serialize
FN:170,deserialize
FN:179,check
FN:180,serialize
FN:181,deserialize
FN:184,check
FN:185,serialize
FN:186,deserialize
FN:192,check
FN:198,serialize
FN:204,deserialize
FN:212,check
FN:219,serialize
FN:220,deserialize
FN:230,serializerMap
FN:263,serialize
FN:340,deserialize
FN:435,serializeBody
FN:473,check
FN:474,serialize
FN:485,deserialize
FN:516,deserializeBody
FN:573,isPojo
FNDA:2,<instance_members_initializer>
FNDA:2,HttpError
FNDA:11,serializer
FNDA:0,check
FNDA:0,serialize
FNDA:0,deserialize
FNDA:0,check
FNDA:0,serialize
FNDA:0,deserialize
FNDA:0,check
FNDA:0,serialize
FNDA:0,deserialize
FNDA:0,check
FNDA:0,serialize
FNDA:0,deserialize
FNDA:0,check
FNDA:0,serialize
FNDA:0,deserialize
FNDA:0,check
FNDA:0,serialize
FNDA:0,deserialize
FNDA:0,check
FNDA:0,serialize
FNDA:0,deserialize
FNDA:0,check
FNDA:0,serialize
FNDA:0,deserialize
FNDA:0,check
FNDA:0,serialize
FNDA:0,deserialize
FNDA:0,check
FNDA:0,serialize
FNDA:0,deserialize
FNDA:0,check
FNDA:0,serialize
FNDA:0,deserialize
FNDA:0,serializerMap
FNDA:0,serialize
FNDA:0,deserialize
FNDA:7,serializeBody
FNDA:0,check
FNDA:0,serialize
FNDA:0,deserialize
FNDA:0,deserializeBody
FNDA:0,isPojo
FNF:45
FNH:4
BRDA:42,2,0,0
BRDA:442,40,0,0
BRDA:454,40,1,0
BRF:3
BRH:0
DA:32,1
DA:34,3
DA:36,3
DA:38,3
DA:40,3
DA:41,5
DA:42,0
DA:43,5
DA:44,5
DA:45,5
DA:46,3
DA:100,1
DA:101,1
DA:103,12
DA:104,12
DA:120,1
DA:121,1
DA:122,0
DA:123,0
DA:124,0
DA:125,0
DA:126,0
DA:127,0
DA:128,0
DA:129,0
DA:130,0
DA:131,0
DA:132,0
DA:133,0
DA:134,0
DA:135,1
DA:136,1
DA:137,0
DA:138,0
DA:139,0
DA:140,1
DA:141,1
DA:142,0
DA:143,0
DA:144,0
DA:145,1
DA:146,1
DA:147,0
DA:148,0
DA:149,0
DA:150,1
DA:151,1
DA:152,0
DA:153,0
DA:154,0
DA:155,1
DA:156,1
DA:157,0
DA:158,0
DA:159,0
DA:160,0
DA:161,0
DA:162,0
DA:163,0
DA:164,0
DA:165,0
DA:166,1
DA:167,1
DA:168,0
DA:169,0
DA:170,0
DA:171,0
DA:172,0
DA:173,0
DA:174,0
DA:175,0
DA:176,0
DA:177,1
DA:178,1
DA:179,0
DA:180,0
DA:181,0
DA:182,1
DA:183,1
DA:184,0
DA:185,0
DA:186,0
DA:187,0
DA:188,0
DA:189,0
DA:190,1
DA:191,1
DA:192,0
DA:193,0
DA:194,0
DA:195,0
DA:196,0
DA:197,0
DA:198,0
DA:199,0
DA:200,0
DA:201,0
DA:202,0
DA:203,0
DA:204,0
DA:205,0
DA:206,0
DA:207,0
DA:208,0
DA:209,0
DA:210,1
DA:211,1
DA:212,0
DA:213,0
DA:214,0
DA:215,0
DA:216,0
DA:217,0
DA:218,0
DA:219,0
DA:220,0
DA:221,0
DA:222,0
DA:223,0
DA:224,0
DA:225,0
DA:226,0
DA:227,1
DA:228,1
DA:230,0
DA:231,0
DA:232,0
DA:233,0
DA:235,0
DA:236,0
DA:237,0
DA:238,0
DA:239,0
DA:240,0
DA:241,0
DA:242,0
DA:243,0
DA:244,0
DA:245,0
DA:246,0
DA:247,0
DA:248,0
DA:249,0
DA:250,0
DA:251,0
DA:252,0
DA:253,0
DA:254,0
DA:263,0
DA:264,0
DA:265,0
DA:267,0
DA:268,0
DA:270,0
DA:271,0
DA:272,0
DA:274,0
DA:275,0
DA:276,0
DA:277,0
DA:278,0
DA:279,0
DA:280,0
DA:281,0
DA:282,0
DA:283,0
DA:285,0
DA:286,0
DA:287,0
DA:288,0
DA:289,0
DA:290,0
DA:291,0
DA:292,0
DA:294,0
DA:295,0
DA:296,0
DA:297,0
DA:298,0
DA:299,0
DA:301,0
DA:302,0
DA:303,0
DA:304,0
DA:305,0
DA:306,0
DA:307,0
DA:309,0
DA:310,0
DA:311,0
DA:312,0
DA:313,0
DA:314,0
DA:315,0
DA:317,0
DA:318,0
DA:319,0
DA:320,0
DA:321,0
DA:322,0
DA:323,0
DA:324,0
DA:325,0
DA:327,0
DA:328,0
DA:329,0
DA:330,0
DA:332,0
DA:333,0
DA:340,0
DA:341,0
DA:342,0
DA:344,0
DA:345,0
DA:346,0
DA:348,0
DA:349,0
DA:350,0
DA:351,0
DA:353,0
DA:354,0
DA:355,0
DA:356,0
DA:357,0
DA:358,0
DA:359,0
DA:360,0
DA:363,0
DA:364,0
DA:365,0
DA:366,0
DA:367,0
DA:369,0
DA:370,0
DA:371,0
DA:372,0
DA:373,0
DA:374,0
DA:375,0
DA:376,0
DA:377,0
DA:378,0
DA:379,0
DA:380,0
DA:381,0
DA:382,0
DA:383,0
DA:384,0
DA:385,0
DA:386,0
DA:387,0
DA:388,0
DA:390,0
DA:391,0
DA:392,0
DA:393,0
DA:394,0
DA:395,0
DA:396,0
DA:397,0
DA:398,0
DA:399,0
DA:400,0
DA:401,0
DA:402,0
DA:403,0
DA:405,0
DA:406,0
DA:407,0
DA:408,0
DA:409,0
DA:410,0
DA:411,0
DA:413,0
DA:414,0
DA:415,0
DA:416,0
DA:417,0
DA:418,0
DA:419,0
DA:420,0
DA:435,1
DA:439,8
DA:440,8
DA:441,8
DA:442,0
DA:443,0
DA:444,0
DA:445,0
DA:446,0
DA:447,0
DA:448,0
DA:449,8
DA:450,8
DA:451,8
DA:452,8
DA:453,8
DA:454,8
DA:455,0
DA:456,0
DA:457,0
DA:458,0
DA:459,0
DA:460,0
DA:461,0
DA:462,0
DA:463,0
DA:464,0
DA:465,0
DA:466,0
DA:468,0
DA:469,0
DA:470,0
DA:471,0
DA:472,0
DA:473,0
DA:474,0
DA:475,0
DA:476,0
DA:477,0
DA:478,0
DA:480,0
DA:481,0
DA:482,0
DA:483,0
DA:484,0
DA:485,0
DA:486,0
DA:487,0
DA:489,0
DA:490,0
DA:491,0
DA:492,0
DA:493,0
DA:494,0
DA:495,0
DA:496,0
DA:497,0
DA:498,0
DA:499,0
DA:500,0
DA:501,0
DA:502,8
DA:504,1
DA:505,1
DA:506,1
DA:507,1
DA:508,1
DA:516,0
DA:517,0
DA:518,0
DA:520,0
DA:521,0
DA:522,0
DA:523,0
DA:524,0
DA:525,0
DA:526,0
DA:527,0
DA:528,0
DA:529,0
DA:530,0
DA:531,0
DA:532,0
DA:533,0
DA:534,0
DA:535,0
DA:536,0
DA:537,0
DA:538,0
DA:539,0
DA:540,0
DA:541,0
DA:542,0
DA:543,0
DA:544,0
DA:545,0
DA:546,0
DA:547,0
DA:548,0
DA:549,0
DA:550,0
DA:551,0
DA:552,0
DA:553,0
DA:554,0
DA:555,0
DA:556,0
DA:557,0
DA:558,0
DA:559,0
DA:560,0
DA:561,0
DA:562,0
DA:563,0
DA:564,0
DA:565,0
DA:566,0
DA:573,0
DA:574,0
DA:575,0
DA:576,0
DA:577,0
DA:578,0
DA:579,0
DA:580,0
DA:581,0
DA:582,0
LH:54
LF:408
end_of_record
SF:/Users/connor/Desktop/Git/cav/stack.ts
FN:34,stack
FN:118,handler
FN:187,didMatch
FNDA:2,stack
FNDA:8,handler
FNDA:8,didMatch
FNF:3
FNH:3
BRDA:37,1,0,8
BRDA:41,1,1,0
BRDA:47,1,2,7
BRDA:49,1,3,0
BRDA:59,1,4,8
BRDA:61,1,5,0
BRDA:61,1,6,0
BRDA:106,1,7,8
BRDA:111,1,8,0
BRDA:76,3,0,0
BRDA:81,3,1,0
BRDA:84,3,2,0
BRDA:89,3,3,0
BRDA:92,3,4,0
BRDA:97,3,5,0
BRDA:124,7,0,0
BRDA:132,7,1,29
BRDA:134,7,2,21
BRDA:136,7,3,8
BRDA:139,7,4,1
BRDA:151,7,5,0
BRDA:160,7,6,8
BRDA:164,7,7,0
BRDA:168,7,8,8
BRDA:173,7,9,0
BRDA:188,8,0,0
BRF:26
BRH:10
DA:8,1
DA:26,1
DA:34,1
DA:37,3
DA:38,11
DA:41,0
DA:42,0
DA:43,0
DA:46,11
DA:47,11
DA:48,11
DA:49,0
DA:50,0
DA:51,0
DA:52,0
DA:53,0
DA:54,0
DA:55,11
DA:56,11
DA:58,3
DA:59,3
DA:60,11
DA:61,0
DA:62,0
DA:63,11
DA:64,11
DA:65,11
DA:66,11
DA:74,3
DA:75,3
DA:76,0
DA:77,0
DA:78,0
DA:81,0
DA:82,0
DA:83,0
DA:84,0
DA:85,0
DA:86,0
DA:89,0
DA:90,0
DA:91,0
DA:92,0
DA:93,0
DA:94,0
DA:95,9
DA:96,9
DA:97,0
DA:98,0
DA:99,0
DA:102,9
DA:103,3
DA:105,3
DA:106,3
DA:107,11
DA:111,0
DA:112,0
DA:113,0
DA:114,11
DA:115,11
DA:116,11
DA:118,3
DA:119,3
DA:120,3
DA:121,3
DA:123,11
DA:124,0
DA:125,0
DA:126,0
DA:130,11
DA:132,11
DA:133,40
DA:134,40
DA:135,61
DA:136,61
DA:138,48
DA:139,40
DA:140,40
DA:142,40
DA:143,40
DA:148,40
DA:150,40
DA:151,0
DA:152,0
DA:153,0
DA:154,0
DA:155,0
DA:156,0
DA:157,0
DA:158,0
DA:159,0
DA:160,48
DA:161,48
DA:162,48
DA:163,48
DA:164,48
DA:165,0
DA:166,0
DA:167,48
DA:168,80
DA:171,48
DA:172,48
DA:173,40
DA:176,0
DA:177,0
DA:179,3
DA:180,3
DA:187,9
DA:188,0
DA:189,0
DA:190,0
DA:191,0
DA:192,0
DA:193,0
DA:194,9
DA:195,9
LH:62
LF:116
end_of_record
